<?xml version="1.0" encoding="UTF-8"?>
<!-- Generated by org.testng.reporters.JUnitXMLReporter -->
<testsuite ignored="0" hostname="Ankit-PC" failures="3" tests="23" name="Different TestNG Feature Test" time="54.313" errors="0" timestamp="2020-05-24T21:09:55 IST">
  <testcase classname="com.test.ExceptionTimeoutTest" name="infiniteLoopTest" time="0.105">
    <failure type="org.testng.internal.thread.ThreadTimeoutException" message="Method com.test.ExceptionTimeoutTest.infiniteLoopTest() didn&amp;apos;t finish within the time-out 2">
      <![CDATA[org.testng.internal.thread.ThreadTimeoutException: Method com.test.ExceptionTimeoutTest.infiniteLoopTest() didn't finish within the time-out 2
at java.base/java.util.ArrayList.forEach(ArrayList.java:1540)
... Removed 24 stack frames]]>
    </failure>
  </testcase> <!-- infiniteLoopTest -->
  <testcase classname="com.test.ExceptionTimeoutTest" name="test1" time="0.007"/>
  <testcase classname="com.test.GoogleTest" name="googleTitleTest" time="0.021">
    <failure type="java.lang.AssertionError" message="Title not matched expected [Google123] but found [Google]">
      <![CDATA[java.lang.AssertionError: Title not matched expected [Google123] but found [Google]
at com.test.GoogleTest.googleTitleTest(GoogleTest.java:33)
at java.base/java.util.ArrayList.forEach(ArrayList.java:1540)
... Removed 31 stack frames]]>
    </failure>
  </testcase> <!-- googleTitleTest -->
  <testcase classname="com.test.GoogleTest" name="mailLinkTest" time="0.141"/>
  <testcase classname="com.test.GoogleTest" name="googleLogoTest" time="0.108"/>
  <testcase classname="com.test.GoogleTest" name="test1" time="0.015"/>
  <testcase classname="com.test.GoogleTest" name="test2" time="0.005"/>
  <testcase classname="com.test.InvocationCountTest" name="sum" time="0.001"/>
  <testcase classname="com.test.InvocationCountTest" name="sum" time="0.015"/>
  <testcase classname="com.test.InvocationCountTest" name="sum" time="0.002"/>
  <testcase classname="com.test.InvocationCountTest" name="sum" time="0.002"/>
  <testcase classname="com.test.InvocationCountTest" name="sum" time="0.003"/>
  <testcase classname="com.test.InvocationCountTest" name="sum" time="0.005"/>
  <testcase classname="com.test.InvocationCountTest" name="sum" time="0.01"/>
  <testcase classname="com.test.InvocationCountTest" name="sum" time="0.003"/>
  <testcase classname="com.test.InvocationCountTest" name="sum" time="0.006"/>
  <testcase classname="com.test.InvocationCountTest" name="sum" time="0.002"/>
  <testcase classname="com.test.TestNgBasics" name="googleTitleTest" time="0.001"/>
  <testcase classname="com.test.TestNgBasics" name="searchTest" time="0.002"/>
  <testcase classname="com.test.TestNgFeatures" name="loginTest" time="0.001">
    <failure type="java.lang.ArithmeticException" message="/ by zero">
      <![CDATA[java.lang.ArithmeticException: / by zero
at com.test.TestNgFeatures.loginTest(TestNgFeatures.java:10)
at java.base/java.util.ArrayList.forEach(ArrayList.java:1540)
... Removed 27 stack frames]]>
    </failure>
  </testcase> <!-- loginTest -->
  <testcase classname="com.test.TestNgFeatures" name="homePageTest" time="0.001">
    <skipped/>
  </testcase> <!-- homePageTest -->
  <testcase classname="com.test.TestNgFeatures" name="regPageTest" time="0.01"/>
  <testcase classname="com.test.TestNgFeatures" name="searchPageTest" time="0.0">
    <skipped/>
  </testcase> <!-- searchPageTest -->
</testsuite> <!-- Different TestNG Feature Test -->
